2021-03-28 22:10:14,436 [Worker-2: Loading available Gradle versions] INFO  o.e.b.c.i.u.g.PublishedGradleVersions - Gradle version information cache is up-to-date. Trying to read.
2021-03-28 22:10:34,360 [Worker-7: Importing Maven projects] INFO  o.e.m.c.i.l.LifecycleMappingFactory - Using org.eclipse.m2e.jdt.JarLifecycleMapping lifecycle mapping for MavenProject: httpTest:httpTest:0.0.1-SNAPSHOT @ C:\Users\T480s\Desktop\2nd Year Sem 1\CS2212\cs2212-project\GUI-Demo-Code\pom.xml.
2021-03-28 22:10:34,670 [Worker-7: Importing Maven projects] INFO  o.e.m.j.i.AbstractJavaProjectConfigurator - Adding source folder /GUI-Demo-Code/src/main/java
2021-03-28 22:10:34,671 [Worker-7: Importing Maven projects] INFO  o.e.m.j.i.AbstractJavaProjectConfigurator - Adding source folder /GUI-Demo-Code/src/test/java
2021-03-28 22:10:35,472 [Worker-7: Importing Maven projects] INFO  o.e.m.c.i.p.ProjectConfigurationManager - Imported and configured 1 project(s) in 1 sec
2021-03-28 22:10:37,100 [Worker-0: Building] WARN  o.e.m.c.i.embedder.EclipseLogger - Using platform encoding (Cp1252 actually) to copy filtered resources, i.e. build is platform dependent!
2021-03-28 22:10:37,110 [Worker-0: Building] INFO  o.e.m.c.i.embedder.EclipseLogger - skip non existing resourceDirectory C:\Users\T480s\Desktop\2nd Year Sem 1\CS2212\cs2212-project\GUI-Demo-Code\src\main\resources
2021-03-28 22:10:37,112 [Worker-0: Building] WARN  o.e.m.c.i.embedder.EclipseLogger - Using platform encoding (Cp1252 actually) to copy filtered resources, i.e. build is platform dependent!
2021-03-28 22:10:37,122 [Worker-0: Building] INFO  o.e.m.c.i.embedder.EclipseLogger - skip non existing resourceDirectory C:\Users\T480s\Desktop\2nd Year Sem 1\CS2212\cs2212-project\GUI-Demo-Code\src\test\resources
2021-03-28 22:11:06,046 [Worker-6: Building] WARN  o.e.m.c.i.embedder.EclipseLogger - Using platform encoding (Cp1252 actually) to copy filtered resources, i.e. build is platform dependent!
2021-03-28 22:11:06,056 [Worker-6: Building] INFO  o.e.m.c.i.embedder.EclipseLogger - skip non existing resourceDirectory C:\Users\T480s\Desktop\2nd Year Sem 1\CS2212\cs2212-project\GUI-Demo-Code\src\main\resources
2021-03-28 22:11:06,058 [Worker-6: Building] WARN  o.e.m.c.i.embedder.EclipseLogger - Using platform encoding (Cp1252 actually) to copy filtered resources, i.e. build is platform dependent!
2021-03-28 22:11:06,069 [Worker-6: Building] INFO  o.e.m.c.i.embedder.EclipseLogger - skip non existing resourceDirectory C:\Users\T480s\Desktop\2nd Year Sem 1\CS2212\cs2212-project\GUI-Demo-Code\src\test\resources
2021-03-28 22:11:39,308 [Worker-0: Building] WARN  o.e.m.c.i.embedder.EclipseLogger - Using platform encoding (Cp1252 actually) to copy filtered resources, i.e. build is platform dependent!
2021-03-28 22:11:39,316 [Worker-0: Building] INFO  o.e.m.c.i.embedder.EclipseLogger - skip non existing resourceDirectory C:\Users\T480s\Desktop\2nd Year Sem 1\CS2212\cs2212-project\GUI-Demo-Code\src\main\resources
2021-03-28 22:11:39,318 [Worker-0: Building] WARN  o.e.m.c.i.embedder.EclipseLogger - Using platform encoding (Cp1252 actually) to copy filtered resources, i.e. build is platform dependent!
2021-03-28 22:11:39,327 [Worker-0: Building] INFO  o.e.m.c.i.embedder.EclipseLogger - skip non existing resourceDirectory C:\Users\T480s\Desktop\2nd Year Sem 1\CS2212\cs2212-project\GUI-Demo-Code\src\test\resources
2021-03-28 22:20:25,262 [Worker-2: Loading available Gradle versions] INFO  o.e.b.c.i.u.g.PublishedGradleVersions - Gradle version information cache is up-to-date. Trying to read.
2021-03-31 18:17:15,921 [Worker-1: Loading available Gradle versions] INFO  o.e.b.c.i.u.g.PublishedGradleVersions - Gradle version information cache is out-of-date. Trying to update.
2021-03-31 18:18:05,789 [Worker-7: Launching MainUI] WARN  o.e.m.c.i.embedder.EclipseLogger - Using platform encoding (Cp1252 actually) to copy filtered resources, i.e. build is platform dependent!
2021-03-31 18:18:05,798 [Worker-7: Launching MainUI] INFO  o.e.m.c.i.embedder.EclipseLogger - skip non existing resourceDirectory C:\Users\T480s\Desktop\2nd Year Sem 1\CS2212\cs2212-project\GUI-Demo-Code\src\main\resources
2021-03-31 18:18:05,800 [Worker-7: Launching MainUI] WARN  o.e.m.c.i.embedder.EclipseLogger - Using platform encoding (Cp1252 actually) to copy filtered resources, i.e. build is platform dependent!
2021-03-31 18:18:05,805 [Worker-7: Launching MainUI] INFO  o.e.m.c.i.embedder.EclipseLogger - skip non existing resourceDirectory C:\Users\T480s\Desktop\2nd Year Sem 1\CS2212\cs2212-project\GUI-Demo-Code\src\test\resources
2021-03-31 18:41:15,106 [Worker-2: Loading available Gradle versions] INFO  o.e.b.c.i.u.g.PublishedGradleVersions - Gradle version information cache is up-to-date. Trying to read.
2021-03-31 18:41:17,966 [Worker-3: Building] WARN  o.e.m.c.i.embedder.EclipseLogger - Using platform encoding (Cp1252 actually) to copy filtered resources, i.e. build is platform dependent!
2021-03-31 18:41:17,979 [Worker-3: Building] INFO  o.e.m.c.i.embedder.EclipseLogger - skip non existing resourceDirectory C:\Users\T480s\Desktop\2nd Year Sem 1\CS2212\cs2212-project\GUI-Demo-Code\src\main\resources
2021-03-31 18:41:17,983 [Worker-3: Building] WARN  o.e.m.c.i.embedder.EclipseLogger - Using platform encoding (Cp1252 actually) to copy filtered resources, i.e. build is platform dependent!
2021-03-31 18:41:17,996 [Worker-3: Building] INFO  o.e.m.c.i.embedder.EclipseLogger - skip non existing resourceDirectory C:\Users\T480s\Desktop\2nd Year Sem 1\CS2212\cs2212-project\GUI-Demo-Code\src\test\resources
2021-03-31 20:28:46,133 [Worker-17: Building] WARN  o.e.m.c.i.embedder.EclipseLogger - Using platform encoding (Cp1252 actually) to copy filtered resources, i.e. build is platform dependent!
2021-03-31 20:28:46,162 [Worker-17: Building] INFO  o.e.m.c.i.embedder.EclipseLogger - skip non existing resourceDirectory C:\Users\T480s\Desktop\2nd Year Sem 1\CS2212\cs2212-project\GUI-Demo-Code\src\main\resources
2021-03-31 20:28:46,166 [Worker-17: Building] WARN  o.e.m.c.i.embedder.EclipseLogger - Using platform encoding (Cp1252 actually) to copy filtered resources, i.e. build is platform dependent!
2021-03-31 20:28:46,182 [Worker-17: Building] INFO  o.e.m.c.i.embedder.EclipseLogger - skip non existing resourceDirectory C:\Users\T480s\Desktop\2nd Year Sem 1\CS2212\cs2212-project\GUI-Demo-Code\src\test\resources
2021-03-31 20:28:47,220 [Worker-25: Building] WARN  o.e.m.c.i.embedder.EclipseLogger - Using platform encoding (Cp1252 actually) to copy filtered resources, i.e. build is platform dependent!
2021-03-31 20:28:47,235 [Worker-25: Building] INFO  o.e.m.c.i.embedder.EclipseLogger - skip non existing resourceDirectory C:\Users\T480s\Desktop\2nd Year Sem 1\CS2212\cs2212-project\GUI-Demo-Code\src\main\resources
2021-03-31 20:28:47,239 [Worker-25: Building] WARN  o.e.m.c.i.embedder.EclipseLogger - Using platform encoding (Cp1252 actually) to copy filtered resources, i.e. build is platform dependent!
2021-03-31 20:28:47,251 [Worker-25: Building] INFO  o.e.m.c.i.embedder.EclipseLogger - skip non existing resourceDirectory C:\Users\T480s\Desktop\2nd Year Sem 1\CS2212\cs2212-project\GUI-Demo-Code\src\test\resources
